<?xml version="1.0" encoding="UTF-8"?>
<testng-results ignored="0" total="10" passed="10" failed="0" skipped="0">
  <reporter-output>
  </reporter-output>
  <suite started-at="2024-06-18T17:40:21 ICT" name="Suite" finished-at="2024-06-18T17:40:24 ICT" duration-ms="3902">
    <groups>
    </groups>
    <test started-at="2024-06-18T17:40:21 ICT" name="Test" finished-at="2024-06-18T17:40:24 ICT" duration-ms="3902">
      <class name="com.api.auto.testcase.TC_API_Login">
        <test-method is-config="true" signature="init()[pri:0, instance:com.api.auto.testcase.TC_API_Login@3246fb96]" started-at="2024-06-18T17:40:21 ICT" name="init" finished-at="2024-06-18T17:40:23 ICT" duration-ms="2671" status="PASS">
          <reporter-output>
          </reporter-output>
        </test-method> <!-- init -->
        <test-method signature="TC01_Validate200Ok()[pri:0, instance:com.api.auto.testcase.TC_API_Login@3246fb96]" started-at="2024-06-18T17:40:23 ICT" name="TC01_Validate200Ok" finished-at="2024-06-18T17:40:23 ICT" duration-ms="11" status="PASS">
          <reporter-output>
          </reporter-output>
        </test-method> <!-- TC01_Validate200Ok -->
        <test-method signature="TC02_ValidateMessage()[pri:1, instance:com.api.auto.testcase.TC_API_Login@3246fb96]" started-at="2024-06-18T17:40:23 ICT" name="TC02_ValidateMessage" finished-at="2024-06-18T17:40:24 ICT" duration-ms="712" status="PASS">
          <reporter-output>
          </reporter-output>
        </test-method> <!-- TC02_ValidateMessage -->
        <test-method signature="TC03_ValidateToken()[pri:2, instance:com.api.auto.testcase.TC_API_Login@3246fb96]" started-at="2024-06-18T17:40:24 ICT" name="TC03_ValidateToken" finished-at="2024-06-18T17:40:24 ICT" duration-ms="46" status="PASS">
          <reporter-output>
          </reporter-output>
        </test-method> <!-- TC03_ValidateToken -->
        <test-method signature="TC05_ValidateUserType()[pri:3, instance:com.api.auto.testcase.TC_API_Login@3246fb96]" started-at="2024-06-18T17:40:24 ICT" name="TC05_ValidateUserType" finished-at="2024-06-18T17:40:24 ICT" duration-ms="18" status="PASS">
          <reporter-output>
          </reporter-output>
        </test-method> <!-- TC05_ValidateUserType -->
        <test-method signature="TC06_ValidateAccount()[pri:4, instance:com.api.auto.testcase.TC_API_Login@3246fb96]" started-at="2024-06-18T17:40:24 ICT" name="TC06_ValidateAccount" finished-at="2024-06-18T17:40:24 ICT" duration-ms="63" status="PASS">
          <reporter-output>
          </reporter-output>
        </test-method> <!-- TC06_ValidateAccount -->
      </class> <!-- com.api.auto.testcase.TC_API_Login -->
      <class name="com.api.auto.testcase.TC_API_CreateWork">
        <test-method is-config="true" signature="init()[pri:0, instance:com.api.auto.testcase.TC_API_CreateWork@2e222612]" started-at="2024-06-18T17:40:24 ICT" name="init" finished-at="2024-06-18T17:40:24 ICT" duration-ms="212" status="PASS">
          <reporter-output>
          </reporter-output>
        </test-method> <!-- init -->
        <test-method signature="TC01_Validate201Created()[pri:0, instance:com.api.auto.testcase.TC_API_CreateWork@2e222612]" started-at="2024-06-18T17:40:24 ICT" name="TC01_Validate201Created" finished-at="2024-06-18T17:40:24 ICT" duration-ms="6" status="PASS">
          <reporter-output>
          </reporter-output>
        </test-method> <!-- TC01_Validate201Created -->
        <test-method signature="TC02_ValidateWorkId()[pri:1, instance:com.api.auto.testcase.TC_API_CreateWork@2e222612]" started-at="2024-06-18T17:40:24 ICT" name="TC02_ValidateWorkId" finished-at="2024-06-18T17:40:24 ICT" duration-ms="21" status="PASS">
          <reporter-output>
          </reporter-output>
        </test-method> <!-- TC02_ValidateWorkId -->
        <test-method signature="TC03_ValidateNameOfWorkMatched()[pri:2, instance:com.api.auto.testcase.TC_API_CreateWork@2e222612]" started-at="2024-06-18T17:40:24 ICT" name="TC03_ValidateNameOfWorkMatched" finished-at="2024-06-18T17:40:24 ICT" duration-ms="18" status="PASS">
          <reporter-output>
          </reporter-output>
        </test-method> <!-- TC03_ValidateNameOfWorkMatched -->
        <test-method signature="TC04_ValidateExperienceMatched()[pri:3, instance:com.api.auto.testcase.TC_API_CreateWork@2e222612]" started-at="2024-06-18T17:40:24 ICT" name="TC04_ValidateExperienceMatched" finished-at="2024-06-18T17:40:24 ICT" duration-ms="14" status="PASS">
          <reporter-output>
          </reporter-output>
        </test-method> <!-- TC04_ValidateExperienceMatched -->
        <test-method signature="TC05_ValidateEducationMatched()[pri:4, instance:com.api.auto.testcase.TC_API_CreateWork@2e222612]" started-at="2024-06-18T17:40:24 ICT" name="TC05_ValidateEducationMatched" finished-at="2024-06-18T17:40:24 ICT" duration-ms="19" status="PASS">
          <reporter-output>
          </reporter-output>
        </test-method> <!-- TC05_ValidateEducationMatched -->
      </class> <!-- com.api.auto.testcase.TC_API_CreateWork -->
    </test> <!-- Test -->
  </suite> <!-- Suite -->
</testng-results>
