<?xml version="1.0" encoding="UTF-8"?>
<!-- Generated by org.testng.reporters.JUnitXMLReporter -->
<testsuite ignored="4" hostname="DocCoKan" failures="0" tests="1" name="Default test" time="2.902" errors="0" timestamp="2024-06-18T17:38:46 ICT">
  <testcase classname="com.api.auto.testcase.TC_API_Login" name="Hd" time="0.018"/>
  <testcase classname="com.api.auto.testcase.TC_API_Login" name="TC02_ValidateMessage" time="0.0">
    <ignored/>
  </testcase> <!-- TC02_ValidateMessage -->
  <testcase classname="com.api.auto.testcase.TC_API_Login" name="TC06_ValidateAccount" time="0.0">
    <ignored/>
  </testcase> <!-- TC06_ValidateAccount -->
  <testcase classname="com.api.auto.testcase.TC_API_Login" name="TC05_ValidateUserType" time="0.0">
    <ignored/>
  </testcase> <!-- TC05_ValidateUserType -->
  <testcase classname="com.api.auto.testcase.TC_API_Login" name="TC03_ValidateToken" time="0.0">
    <ignored/>
  </testcase> <!-- TC03_ValidateToken -->
</testsuite> <!-- Default test -->
