<?xml version="1.0" encoding="UTF-8"?>
<!-- Generated by org.testng.reporters.JUnitXMLReporter -->
<testsuite ignored="0" hostname="DocCoKan" failures="0" tests="10" name="Test" time="3.902" errors="0" timestamp="2024-06-18T17:40:24 ICT">
  <testcase classname="com.api.auto.testcase.TC_API_Login" name="TC01_Validate200Ok" time="0.011"/>
  <testcase classname="com.api.auto.testcase.TC_API_Login" name="TC02_ValidateMessage" time="0.712"/>
  <testcase classname="com.api.auto.testcase.TC_API_Login" name="TC03_ValidateToken" time="0.046"/>
  <testcase classname="com.api.auto.testcase.TC_API_Login" name="TC05_ValidateUserType" time="0.018"/>
  <testcase classname="com.api.auto.testcase.TC_API_Login" name="TC06_ValidateAccount" time="0.063"/>
  <testcase classname="com.api.auto.testcase.TC_API_CreateWork" name="TC01_Validate201Created" time="0.006"/>
  <testcase classname="com.api.auto.testcase.TC_API_CreateWork" name="TC02_ValidateWorkId" time="0.021"/>
  <testcase classname="com.api.auto.testcase.TC_API_CreateWork" name="TC03_ValidateNameOfWorkMatched" time="0.018"/>
  <testcase classname="com.api.auto.testcase.TC_API_CreateWork" name="TC04_ValidateExperienceMatched" time="0.014"/>
  <testcase classname="com.api.auto.testcase.TC_API_CreateWork" name="TC05_ValidateEducationMatched" time="0.019"/>
</testsuite> <!-- Test -->
